[2021-11-13 18:00:13,362] DEBUG preRegister called. Server=com.sun.jmx.mbeanserver.JmxMBeanServer@6a38e57f, name=log4j:logger=kafka.controller (kafka.controller)
[2021-11-13 18:01:20,536] INFO [ControllerEventThread controllerId=0] Starting (kafka.controller.ControllerEventManager$ControllerEventThread)
[2021-11-13 18:01:20,617] INFO [Controller id=0] 0 successfully elected as the controller. Epoch incremented to 1 and epoch zk version is now 1 (kafka.controller.KafkaController)
[2021-11-13 18:01:20,621] INFO [Controller id=0] Creating FeatureZNode at path: /feature with contents: FeatureZNode(Enabled,Features{}) (kafka.controller.KafkaController)
[2021-11-13 18:01:20,666] INFO [Controller id=0] Registering handlers (kafka.controller.KafkaController)
[2021-11-13 18:01:20,669] INFO [Controller id=0] Deleting log dir event notifications (kafka.controller.KafkaController)
[2021-11-13 18:01:20,673] INFO [Controller id=0] Deleting isr change notifications (kafka.controller.KafkaController)
[2021-11-13 18:01:20,675] INFO [Controller id=0] Initializing controller context (kafka.controller.KafkaController)
[2021-11-13 18:01:20,686] INFO [Controller id=0] Initialized broker epochs cache: Map(0 -> 25) (kafka.controller.KafkaController)
[2021-11-13 18:01:20,690] DEBUG [Controller id=0] Register BrokerModifications handler for Set(0) (kafka.controller.KafkaController)
[2021-11-13 18:01:20,695] DEBUG [Channel manager on controller 0]: Controller 0 trying to connect to broker 0 (kafka.controller.ControllerChannelManager)
[2021-11-13 18:01:20,703] INFO [Controller id=0] Currently active brokers in the cluster: Set(0) (kafka.controller.KafkaController)
[2021-11-13 18:01:20,703] INFO [RequestSendThread controllerId=0] Starting (kafka.controller.RequestSendThread)
[2021-11-13 18:01:20,703] INFO [Controller id=0] Currently shutting brokers in the cluster: Set() (kafka.controller.KafkaController)
[2021-11-13 18:01:20,703] INFO [Controller id=0] Current list of topics in the cluster: Set() (kafka.controller.KafkaController)
[2021-11-13 18:01:20,704] INFO [Controller id=0] Fetching topic deletions in progress (kafka.controller.KafkaController)
[2021-11-13 18:01:20,707] INFO [Controller id=0] List of topics to be deleted:  (kafka.controller.KafkaController)
[2021-11-13 18:01:20,707] INFO [Controller id=0] List of topics ineligible for deletion:  (kafka.controller.KafkaController)
[2021-11-13 18:01:20,708] INFO [Controller id=0] Initializing topic deletion manager (kafka.controller.KafkaController)
[2021-11-13 18:01:20,708] INFO [Topic Deletion Manager 0] Initializing manager with initial deletions: Set(), initial ineligible deletions: Set() (kafka.controller.TopicDeletionManager)
[2021-11-13 18:01:20,709] INFO [Controller id=0] Sending update metadata request (kafka.controller.KafkaController)
[2021-11-13 18:01:20,758] INFO [ReplicaStateMachine controllerId=0] Initializing replica state (kafka.controller.ZkReplicaStateMachine)
[2021-11-13 18:01:20,759] INFO [ReplicaStateMachine controllerId=0] Triggering online replica state changes (kafka.controller.ZkReplicaStateMachine)
[2021-11-13 18:01:20,763] INFO [ReplicaStateMachine controllerId=0] Triggering offline replica state changes (kafka.controller.ZkReplicaStateMachine)
[2021-11-13 18:01:20,763] DEBUG [ReplicaStateMachine controllerId=0] Started replica state machine with initial state -> Map() (kafka.controller.ZkReplicaStateMachine)
[2021-11-13 18:01:20,763] INFO [PartitionStateMachine controllerId=0] Initializing partition state (kafka.controller.ZkPartitionStateMachine)
[2021-11-13 18:01:20,764] INFO [RequestSendThread controllerId=0] Controller 0 connected to manjushrees-mbp.attlocal.net:9092 (id: 0 rack: null) for sending state change requests (kafka.controller.RequestSendThread)
[2021-11-13 18:01:20,764] INFO [PartitionStateMachine controllerId=0] Triggering online partition state changes (kafka.controller.ZkPartitionStateMachine)
[2021-11-13 18:01:20,767] DEBUG [PartitionStateMachine controllerId=0] Started partition state machine with initial state -> Map() (kafka.controller.ZkPartitionStateMachine)
[2021-11-13 18:01:20,768] INFO [Controller id=0] Ready to serve as the new controller with epoch 1 (kafka.controller.KafkaController)
[2021-11-13 18:01:20,774] INFO [Controller id=0] Partitions undergoing preferred replica election:  (kafka.controller.KafkaController)
[2021-11-13 18:01:20,775] INFO [Controller id=0] Partitions that completed preferred replica election:  (kafka.controller.KafkaController)
[2021-11-13 18:01:20,775] INFO [Controller id=0] Skipping preferred replica election for partitions due to topic deletion:  (kafka.controller.KafkaController)
[2021-11-13 18:01:20,775] INFO [Controller id=0] Resuming preferred replica election for partitions:  (kafka.controller.KafkaController)
[2021-11-13 18:01:20,776] INFO [Controller id=0] Starting replica leader election (PREFERRED) for partitions  triggered by ZkTriggered (kafka.controller.KafkaController)
[2021-11-13 18:01:20,806] INFO [Controller id=0] Starting the controller scheduler (kafka.controller.KafkaController)
[2021-11-13 18:01:24,407] INFO [Controller id=0] Shutting down broker 0 (kafka.controller.KafkaController)
[2021-11-13 18:01:24,407] DEBUG [Controller id=0] All shutting down brokers: 0 (kafka.controller.KafkaController)
[2021-11-13 18:01:24,408] DEBUG [Controller id=0] Live brokers:  (kafka.controller.KafkaController)
[2021-11-13 18:01:24,410] TRACE [Controller id=0] All leaders =  (kafka.controller.KafkaController)
[2021-11-13 18:01:25,722] INFO [ControllerEventThread controllerId=0] Shutting down (kafka.controller.ControllerEventManager$ControllerEventThread)
[2021-11-13 18:01:25,722] INFO [ControllerEventThread controllerId=0] Stopped (kafka.controller.ControllerEventManager$ControllerEventThread)
[2021-11-13 18:01:25,722] INFO [ControllerEventThread controllerId=0] Shutdown completed (kafka.controller.ControllerEventManager$ControllerEventThread)
[2021-11-13 18:01:25,723] DEBUG [Controller id=0] Resigning (kafka.controller.KafkaController)
[2021-11-13 18:01:25,723] DEBUG [Controller id=0] Unregister BrokerModifications handler for Set(0) (kafka.controller.KafkaController)
[2021-11-13 18:01:25,724] INFO [PartitionStateMachine controllerId=0] Stopped partition state machine (kafka.controller.ZkPartitionStateMachine)
[2021-11-13 18:01:25,725] INFO [ReplicaStateMachine controllerId=0] Stopped replica state machine (kafka.controller.ZkReplicaStateMachine)
[2021-11-13 18:01:25,725] INFO [RequestSendThread controllerId=0] Shutting down (kafka.controller.RequestSendThread)
[2021-11-13 18:01:25,726] INFO [RequestSendThread controllerId=0] Stopped (kafka.controller.RequestSendThread)
[2021-11-13 18:01:25,726] INFO [RequestSendThread controllerId=0] Shutdown completed (kafka.controller.RequestSendThread)
[2021-11-13 18:01:25,727] INFO [Controller id=0] Resigned (kafka.controller.KafkaController)
[2021-11-13 18:01:54,083] INFO [ControllerEventThread controllerId=0] Starting (kafka.controller.ControllerEventManager$ControllerEventThread)
[2021-11-13 18:01:54,128] INFO [Controller id=0] 0 successfully elected as the controller. Epoch incremented to 2 and epoch zk version is now 2 (kafka.controller.KafkaController)
[2021-11-13 18:01:54,130] INFO [Controller id=0] Registering handlers (kafka.controller.KafkaController)
[2021-11-13 18:01:54,133] INFO [Controller id=0] Deleting log dir event notifications (kafka.controller.KafkaController)
[2021-11-13 18:01:54,136] INFO [Controller id=0] Deleting isr change notifications (kafka.controller.KafkaController)
[2021-11-13 18:01:54,137] INFO [Controller id=0] Initializing controller context (kafka.controller.KafkaController)
[2021-11-13 18:01:54,149] INFO [Controller id=0] Initialized broker epochs cache: Map(0 -> 46) (kafka.controller.KafkaController)
[2021-11-13 18:01:54,155] DEBUG [Controller id=0] Register BrokerModifications handler for Set(0) (kafka.controller.KafkaController)
[2021-11-13 18:01:54,159] DEBUG [Channel manager on controller 0]: Controller 0 trying to connect to broker 0 (kafka.controller.ControllerChannelManager)
[2021-11-13 18:01:54,164] INFO [RequestSendThread controllerId=0] Starting (kafka.controller.RequestSendThread)
[2021-11-13 18:01:54,164] INFO [Controller id=0] Currently active brokers in the cluster: Set(0) (kafka.controller.KafkaController)
[2021-11-13 18:01:54,164] INFO [Controller id=0] Currently shutting brokers in the cluster: Set() (kafka.controller.KafkaController)
[2021-11-13 18:01:54,165] INFO [Controller id=0] Current list of topics in the cluster: Set() (kafka.controller.KafkaController)
[2021-11-13 18:01:54,165] INFO [Controller id=0] Fetching topic deletions in progress (kafka.controller.KafkaController)
[2021-11-13 18:01:54,167] INFO [Controller id=0] List of topics to be deleted:  (kafka.controller.KafkaController)
[2021-11-13 18:01:54,167] INFO [Controller id=0] List of topics ineligible for deletion:  (kafka.controller.KafkaController)
[2021-11-13 18:01:54,168] INFO [Controller id=0] Initializing topic deletion manager (kafka.controller.KafkaController)
[2021-11-13 18:01:54,168] INFO [Topic Deletion Manager 0] Initializing manager with initial deletions: Set(), initial ineligible deletions: Set() (kafka.controller.TopicDeletionManager)
[2021-11-13 18:01:54,169] INFO [Controller id=0] Sending update metadata request (kafka.controller.KafkaController)
[2021-11-13 18:01:54,178] INFO [ReplicaStateMachine controllerId=0] Initializing replica state (kafka.controller.ZkReplicaStateMachine)
[2021-11-13 18:01:54,179] INFO [ReplicaStateMachine controllerId=0] Triggering online replica state changes (kafka.controller.ZkReplicaStateMachine)
[2021-11-13 18:01:54,182] INFO [ReplicaStateMachine controllerId=0] Triggering offline replica state changes (kafka.controller.ZkReplicaStateMachine)
[2021-11-13 18:01:54,182] DEBUG [ReplicaStateMachine controllerId=0] Started replica state machine with initial state -> Map() (kafka.controller.ZkReplicaStateMachine)
[2021-11-13 18:01:54,183] INFO [PartitionStateMachine controllerId=0] Initializing partition state (kafka.controller.ZkPartitionStateMachine)
[2021-11-13 18:01:54,183] INFO [PartitionStateMachine controllerId=0] Triggering online partition state changes (kafka.controller.ZkPartitionStateMachine)
[2021-11-13 18:01:54,184] INFO [RequestSendThread controllerId=0] Controller 0 connected to manjushrees-mbp.attlocal.net:9092 (id: 0 rack: null) for sending state change requests (kafka.controller.RequestSendThread)
[2021-11-13 18:01:54,187] DEBUG [PartitionStateMachine controllerId=0] Started partition state machine with initial state -> Map() (kafka.controller.ZkPartitionStateMachine)
[2021-11-13 18:01:54,187] INFO [Controller id=0] Ready to serve as the new controller with epoch 2 (kafka.controller.KafkaController)
[2021-11-13 18:01:54,196] INFO [Controller id=0] Partitions undergoing preferred replica election:  (kafka.controller.KafkaController)
[2021-11-13 18:01:54,196] INFO [Controller id=0] Partitions that completed preferred replica election:  (kafka.controller.KafkaController)
[2021-11-13 18:01:54,197] INFO [Controller id=0] Skipping preferred replica election for partitions due to topic deletion:  (kafka.controller.KafkaController)
[2021-11-13 18:01:54,197] INFO [Controller id=0] Resuming preferred replica election for partitions:  (kafka.controller.KafkaController)
[2021-11-13 18:01:54,200] INFO [Controller id=0] Starting replica leader election (PREFERRED) for partitions  triggered by ZkTriggered (kafka.controller.KafkaController)
[2021-11-13 18:01:54,219] INFO [Controller id=0] Starting the controller scheduler (kafka.controller.KafkaController)
[2021-11-13 18:01:59,221] INFO [Controller id=0] Processing automatic preferred replica leader election (kafka.controller.KafkaController)
[2021-11-13 18:01:59,221] TRACE [Controller id=0] Checking need to trigger auto leader balancing (kafka.controller.KafkaController)
[2021-11-13 18:06:59,234] INFO [Controller id=0] Processing automatic preferred replica leader election (kafka.controller.KafkaController)
[2021-11-13 18:06:59,235] TRACE [Controller id=0] Checking need to trigger auto leader balancing (kafka.controller.KafkaController)
[2021-11-13 18:07:12,763] INFO [Controller id=0] Shutting down broker 0 (kafka.controller.KafkaController)
[2021-11-13 18:07:12,765] DEBUG [Controller id=0] All shutting down brokers: 0 (kafka.controller.KafkaController)
[2021-11-13 18:07:12,766] DEBUG [Controller id=0] Live brokers:  (kafka.controller.KafkaController)
[2021-11-13 18:07:12,771] TRACE [Controller id=0] All leaders =  (kafka.controller.KafkaController)
[2021-11-13 18:07:13,678] INFO [ControllerEventThread controllerId=0] Shutting down (kafka.controller.ControllerEventManager$ControllerEventThread)
[2021-11-13 18:07:13,678] INFO [ControllerEventThread controllerId=0] Stopped (kafka.controller.ControllerEventManager$ControllerEventThread)
[2021-11-13 18:07:13,678] INFO [ControllerEventThread controllerId=0] Shutdown completed (kafka.controller.ControllerEventManager$ControllerEventThread)
[2021-11-13 18:07:13,679] DEBUG [Controller id=0] Resigning (kafka.controller.KafkaController)
[2021-11-13 18:07:13,679] DEBUG [Controller id=0] Unregister BrokerModifications handler for Set(0) (kafka.controller.KafkaController)
[2021-11-13 18:07:13,680] INFO [PartitionStateMachine controllerId=0] Stopped partition state machine (kafka.controller.ZkPartitionStateMachine)
[2021-11-13 18:07:13,680] INFO [ReplicaStateMachine controllerId=0] Stopped replica state machine (kafka.controller.ZkReplicaStateMachine)
[2021-11-13 18:07:13,681] INFO [RequestSendThread controllerId=0] Shutting down (kafka.controller.RequestSendThread)
[2021-11-13 18:07:13,681] INFO [RequestSendThread controllerId=0] Stopped (kafka.controller.RequestSendThread)
[2021-11-13 18:07:13,681] INFO [RequestSendThread controllerId=0] Shutdown completed (kafka.controller.RequestSendThread)
[2021-11-13 18:07:13,683] INFO [Controller id=0] Resigned (kafka.controller.KafkaController)
[2021-11-13 18:07:39,115] DEBUG preRegister called. Server=com.sun.jmx.mbeanserver.JmxMBeanServer@6a38e57f, name=log4j:logger=kafka.controller (kafka.controller)
[2021-11-13 18:08:27,447] INFO [ControllerEventThread controllerId=0] Starting (kafka.controller.ControllerEventManager$ControllerEventThread)
[2021-11-13 18:08:27,509] INFO [Controller id=0] 0 successfully elected as the controller. Epoch incremented to 3 and epoch zk version is now 3 (kafka.controller.KafkaController)
[2021-11-13 18:08:27,511] INFO [Controller id=0] Registering handlers (kafka.controller.KafkaController)
[2021-11-13 18:08:27,514] INFO [Controller id=0] Deleting log dir event notifications (kafka.controller.KafkaController)
[2021-11-13 18:08:27,516] INFO [Controller id=0] Deleting isr change notifications (kafka.controller.KafkaController)
[2021-11-13 18:08:27,518] INFO [Controller id=0] Initializing controller context (kafka.controller.KafkaController)
[2021-11-13 18:08:27,530] INFO [Controller id=0] Initialized broker epochs cache: Map(0 -> 65) (kafka.controller.KafkaController)
[2021-11-13 18:08:27,535] DEBUG [Controller id=0] Register BrokerModifications handler for Set(0) (kafka.controller.KafkaController)
[2021-11-13 18:08:27,539] DEBUG [Channel manager on controller 0]: Controller 0 trying to connect to broker 0 (kafka.controller.ControllerChannelManager)
[2021-11-13 18:08:27,545] INFO [RequestSendThread controllerId=0] Starting (kafka.controller.RequestSendThread)
[2021-11-13 18:08:27,545] INFO [Controller id=0] Currently active brokers in the cluster: Set(0) (kafka.controller.KafkaController)
[2021-11-13 18:08:27,546] INFO [Controller id=0] Currently shutting brokers in the cluster: Set() (kafka.controller.KafkaController)
[2021-11-13 18:08:27,546] INFO [Controller id=0] Current list of topics in the cluster: Set() (kafka.controller.KafkaController)
[2021-11-13 18:08:27,547] INFO [Controller id=0] Fetching topic deletions in progress (kafka.controller.KafkaController)
[2021-11-13 18:08:27,549] INFO [Controller id=0] List of topics to be deleted:  (kafka.controller.KafkaController)
[2021-11-13 18:08:27,549] INFO [Controller id=0] List of topics ineligible for deletion:  (kafka.controller.KafkaController)
[2021-11-13 18:08:27,549] INFO [Controller id=0] Initializing topic deletion manager (kafka.controller.KafkaController)
[2021-11-13 18:08:27,550] INFO [Topic Deletion Manager 0] Initializing manager with initial deletions: Set(), initial ineligible deletions: Set() (kafka.controller.TopicDeletionManager)
[2021-11-13 18:08:27,550] INFO [Controller id=0] Sending update metadata request (kafka.controller.KafkaController)
[2021-11-13 18:08:27,560] INFO [ReplicaStateMachine controllerId=0] Initializing replica state (kafka.controller.ZkReplicaStateMachine)
[2021-11-13 18:08:27,561] INFO [ReplicaStateMachine controllerId=0] Triggering online replica state changes (kafka.controller.ZkReplicaStateMachine)
[2021-11-13 18:08:27,563] INFO [ReplicaStateMachine controllerId=0] Triggering offline replica state changes (kafka.controller.ZkReplicaStateMachine)
[2021-11-13 18:08:27,564] DEBUG [ReplicaStateMachine controllerId=0] Started replica state machine with initial state -> Map() (kafka.controller.ZkReplicaStateMachine)
[2021-11-13 18:08:27,564] INFO [PartitionStateMachine controllerId=0] Initializing partition state (kafka.controller.ZkPartitionStateMachine)
[2021-11-13 18:08:27,565] INFO [PartitionStateMachine controllerId=0] Triggering online partition state changes (kafka.controller.ZkPartitionStateMachine)
[2021-11-13 18:08:27,570] INFO [RequestSendThread controllerId=0] Controller 0 connected to manjushrees-mbp.attlocal.net:9092 (id: 0 rack: null) for sending state change requests (kafka.controller.RequestSendThread)
[2021-11-13 18:08:27,571] DEBUG [PartitionStateMachine controllerId=0] Started partition state machine with initial state -> Map() (kafka.controller.ZkPartitionStateMachine)
[2021-11-13 18:08:27,571] INFO [Controller id=0] Ready to serve as the new controller with epoch 3 (kafka.controller.KafkaController)
[2021-11-13 18:08:27,576] INFO [Controller id=0] Partitions undergoing preferred replica election:  (kafka.controller.KafkaController)
[2021-11-13 18:08:27,577] INFO [Controller id=0] Partitions that completed preferred replica election:  (kafka.controller.KafkaController)
[2021-11-13 18:08:27,577] INFO [Controller id=0] Skipping preferred replica election for partitions due to topic deletion:  (kafka.controller.KafkaController)
[2021-11-13 18:08:27,577] INFO [Controller id=0] Resuming preferred replica election for partitions:  (kafka.controller.KafkaController)
[2021-11-13 18:08:27,578] INFO [Controller id=0] Starting replica leader election (PREFERRED) for partitions  triggered by ZkTriggered (kafka.controller.KafkaController)
[2021-11-13 18:08:27,628] INFO [Controller id=0] Starting the controller scheduler (kafka.controller.KafkaController)
[2021-11-13 18:08:32,630] INFO [Controller id=0] Processing automatic preferred replica leader election (kafka.controller.KafkaController)
[2021-11-13 18:08:32,630] TRACE [Controller id=0] Checking need to trigger auto leader balancing (kafka.controller.KafkaController)
[2021-11-13 18:13:32,641] INFO [Controller id=0] Processing automatic preferred replica leader election (kafka.controller.KafkaController)
[2021-11-13 18:13:32,643] TRACE [Controller id=0] Checking need to trigger auto leader balancing (kafka.controller.KafkaController)
[2021-11-13 18:17:40,952] INFO [Controller id=0] New topics: [Set(list_menu)], deleted topics: [Set()], new partition replica assignment [Set(TopicIdReplicaAssignment(list_menu,Some(_F8pXuw3R1u8AnQVKefDGA),Map(list_menu-0 -> ReplicaAssignment(replicas=0, addingReplicas=, removingReplicas=))))] (kafka.controller.KafkaController)
[2021-11-13 18:17:40,954] INFO [Controller id=0] New partition creation callback for list_menu-0 (kafka.controller.KafkaController)
[2021-11-13 18:18:24,860] INFO [Controller id=0] New topics: [Set(user_signup)], deleted topics: [Set()], new partition replica assignment [Set(TopicIdReplicaAssignment(user_signup,Some(JPDDGMuGTDaNuAyxVim_Lg),Map(user_signup-0 -> ReplicaAssignment(replicas=0, addingReplicas=, removingReplicas=))))] (kafka.controller.KafkaController)
[2021-11-13 18:18:24,860] INFO [Controller id=0] New partition creation callback for user_signup-0 (kafka.controller.KafkaController)
[2021-11-13 18:18:32,707] INFO [Controller id=0] Processing automatic preferred replica leader election (kafka.controller.KafkaController)
[2021-11-13 18:18:32,707] TRACE [Controller id=0] Checking need to trigger auto leader balancing (kafka.controller.KafkaController)
[2021-11-13 18:18:32,710] DEBUG [Controller id=0] Topics not in preferred replica for broker 0 Map() (kafka.controller.KafkaController)
[2021-11-13 18:18:32,711] TRACE [Controller id=0] Leader imbalance ratio for broker 0 is 0.0 (kafka.controller.KafkaController)
[2021-11-13 18:18:44,194] INFO [Controller id=0] New topics: [Set(restaurant_signup)], deleted topics: [Set()], new partition replica assignment [Set(TopicIdReplicaAssignment(restaurant_signup,Some(nUEtv8RnQC6pLE0-hEC-YA),Map(restaurant_signup-0 -> ReplicaAssignment(replicas=0, addingReplicas=, removingReplicas=))))] (kafka.controller.KafkaController)
[2021-11-13 18:18:44,194] INFO [Controller id=0] New partition creation callback for restaurant_signup-0 (kafka.controller.KafkaController)
[2021-11-13 18:19:01,199] INFO [Controller id=0] New topics: [Set(restaurant_lists)], deleted topics: [Set()], new partition replica assignment [Set(TopicIdReplicaAssignment(restaurant_lists,Some(15RJM0KcQECrBnCdFJH33g),Map(restaurant_lists-0 -> ReplicaAssignment(replicas=0, addingReplicas=, removingReplicas=))))] (kafka.controller.KafkaController)
[2021-11-13 18:19:01,235] INFO [Controller id=0] New partition creation callback for restaurant_lists-0 (kafka.controller.KafkaController)
[2021-11-13 18:20:08,953] INFO [Controller id=0] New topics: [Set(find_dishById)], deleted topics: [Set()], new partition replica assignment [Set(TopicIdReplicaAssignment(find_dishById,Some(M6WWJTo9ROebHqCnGw4ayg),Map(find_dishById-0 -> ReplicaAssignment(replicas=0, addingReplicas=, removingReplicas=))))] (kafka.controller.KafkaController)
[2021-11-13 18:20:08,953] INFO [Controller id=0] New partition creation callback for find_dishById-0 (kafka.controller.KafkaController)
[2021-11-13 18:20:34,281] INFO [Controller id=0] New topics: [Set(create_order)], deleted topics: [Set()], new partition replica assignment [Set(TopicIdReplicaAssignment(create_order,Some(60kJOcQpSPqQRKugj8J9YQ),Map(create_order-0 -> ReplicaAssignment(replicas=0, addingReplicas=, removingReplicas=))))] (kafka.controller.KafkaController)
[2021-11-13 18:20:34,282] INFO [Controller id=0] New partition creation callback for create_order-0 (kafka.controller.KafkaController)
[2021-11-13 18:20:48,252] INFO [Controller id=0] New topics: [Set(update_customerdetails)], deleted topics: [Set()], new partition replica assignment [Set(TopicIdReplicaAssignment(update_customerdetails,Some(Cr6NhmYpS2-UFdRoTsHWxg),Map(update_customerdetails-0 -> ReplicaAssignment(replicas=0, addingReplicas=, removingReplicas=))))] (kafka.controller.KafkaController)
[2021-11-13 18:20:48,252] INFO [Controller id=0] New partition creation callback for update_customerdetails-0 (kafka.controller.KafkaController)
[2021-11-13 18:21:15,105] INFO [Controller id=0] New topics: [Set(response_topic)], deleted topics: [Set()], new partition replica assignment [Set(TopicIdReplicaAssignment(response_topic,Some(GJxrio6IRSiCuCgqhHqLsw),Map(response_topic-0 -> ReplicaAssignment(replicas=0, addingReplicas=, removingReplicas=))))] (kafka.controller.KafkaController)
[2021-11-13 18:21:15,105] INFO [Controller id=0] New partition creation callback for response_topic-0 (kafka.controller.KafkaController)
[2021-11-13 18:21:49,989] INFO [Controller id=0] New topics: [Set(add_favorites)], deleted topics: [Set()], new partition replica assignment [Set(TopicIdReplicaAssignment(add_favorites,Some(nwmZDUFZTiKYmqQ3TyWAgg),Map(add_favorites-0 -> ReplicaAssignment(replicas=0, addingReplicas=, removingReplicas=))))] (kafka.controller.KafkaController)
[2021-11-13 18:21:49,989] INFO [Controller id=0] New partition creation callback for add_favorites-0 (kafka.controller.KafkaController)
[2021-11-13 18:22:17,431] INFO [Controller id=0] New topics: [Set(ind_restaurantById)], deleted topics: [Set()], new partition replica assignment [Set(TopicIdReplicaAssignment(ind_restaurantById,Some(SylGymosR6KdZzsXFLQeYw),Map(ind_restaurantById-0 -> ReplicaAssignment(replicas=0, addingReplicas=, removingReplicas=))))] (kafka.controller.KafkaController)
[2021-11-13 18:22:17,432] INFO [Controller id=0] New partition creation callback for ind_restaurantById-0 (kafka.controller.KafkaController)
[2021-11-13 18:22:51,684] INFO [Controller id=0] New topics: [Set(find_customerById)], deleted topics: [Set()], new partition replica assignment [Set(TopicIdReplicaAssignment(find_customerById,Some(5qoe-0qFSmKTGCcDrFj3Gw),Map(find_customerById-0 -> ReplicaAssignment(replicas=0, addingReplicas=, removingReplicas=))))] (kafka.controller.KafkaController)
[2021-11-13 18:22:51,684] INFO [Controller id=0] New partition creation callback for find_customerById-0 (kafka.controller.KafkaController)
[2021-11-13 18:23:32,724] INFO [Controller id=0] Processing automatic preferred replica leader election (kafka.controller.KafkaController)
[2021-11-13 18:23:32,727] TRACE [Controller id=0] Checking need to trigger auto leader balancing (kafka.controller.KafkaController)
[2021-11-13 18:23:32,730] DEBUG [Controller id=0] Topics not in preferred replica for broker 0 Map() (kafka.controller.KafkaController)
[2021-11-13 18:23:32,730] TRACE [Controller id=0] Leader imbalance ratio for broker 0 is 0.0 (kafka.controller.KafkaController)
[2021-11-13 18:23:38,213] INFO [Controller id=0] New topics: [Set(find_restaurantById)], deleted topics: [Set()], new partition replica assignment [Set(TopicIdReplicaAssignment(find_restaurantById,Some(-PFd2RHNRmi_loyWP4-xFQ),Map(find_restaurantById-0 -> ReplicaAssignment(replicas=0, addingReplicas=, removingReplicas=))))] (kafka.controller.KafkaController)
[2021-11-13 18:23:38,213] INFO [Controller id=0] New partition creation callback for find_restaurantById-0 (kafka.controller.KafkaController)
[2021-11-13 18:24:04,018] INFO [Controller id=0] New topics: [Set(get_favorites)], deleted topics: [Set()], new partition replica assignment [Set(TopicIdReplicaAssignment(get_favorites,Some(VOGAFtkERhqaChzUnuY_lA),Map(get_favorites-0 -> ReplicaAssignment(replicas=0, addingReplicas=, removingReplicas=))))] (kafka.controller.KafkaController)
[2021-11-13 18:24:04,018] INFO [Controller id=0] New partition creation callback for get_favorites-0 (kafka.controller.KafkaController)
[2021-11-13 18:28:32,739] INFO [Controller id=0] Processing automatic preferred replica leader election (kafka.controller.KafkaController)
[2021-11-13 18:28:32,739] TRACE [Controller id=0] Checking need to trigger auto leader balancing (kafka.controller.KafkaController)
[2021-11-13 18:28:32,741] DEBUG [Controller id=0] Topics not in preferred replica for broker 0 Map() (kafka.controller.KafkaController)
[2021-11-13 18:28:32,741] TRACE [Controller id=0] Leader imbalance ratio for broker 0 is 0.0 (kafka.controller.KafkaController)
[2021-11-13 18:33:32,752] INFO [Controller id=0] Processing automatic preferred replica leader election (kafka.controller.KafkaController)
[2021-11-13 18:33:32,753] TRACE [Controller id=0] Checking need to trigger auto leader balancing (kafka.controller.KafkaController)
[2021-11-13 18:33:32,755] DEBUG [Controller id=0] Topics not in preferred replica for broker 0 Map() (kafka.controller.KafkaController)
[2021-11-13 18:33:32,755] TRACE [Controller id=0] Leader imbalance ratio for broker 0 is 0.0 (kafka.controller.KafkaController)
[2021-11-13 18:38:32,767] INFO [Controller id=0] Processing automatic preferred replica leader election (kafka.controller.KafkaController)
[2021-11-13 18:38:32,768] TRACE [Controller id=0] Checking need to trigger auto leader balancing (kafka.controller.KafkaController)
[2021-11-13 18:38:32,770] DEBUG [Controller id=0] Topics not in preferred replica for broker 0 Map() (kafka.controller.KafkaController)
[2021-11-13 18:38:32,771] TRACE [Controller id=0] Leader imbalance ratio for broker 0 is 0.0 (kafka.controller.KafkaController)
[2021-11-13 18:43:32,784] INFO [Controller id=0] Processing automatic preferred replica leader election (kafka.controller.KafkaController)
[2021-11-13 18:43:32,785] TRACE [Controller id=0] Checking need to trigger auto leader balancing (kafka.controller.KafkaController)
[2021-11-13 18:43:32,787] DEBUG [Controller id=0] Topics not in preferred replica for broker 0 Map() (kafka.controller.KafkaController)
[2021-11-13 18:43:32,787] TRACE [Controller id=0] Leader imbalance ratio for broker 0 is 0.0 (kafka.controller.KafkaController)
