[2021-11-13T18:08:23.859-0800][gc] Using G1
[2021-11-13T18:08:23.865-0800][gc,init] Version: 17+35-LTS-2724 (release)
[2021-11-13T18:08:23.866-0800][gc,init] CPUs: 8 total, 8 available
[2021-11-13T18:08:23.866-0800][gc,init] Memory: 8192M
[2021-11-13T18:08:23.866-0800][gc,init] Large Page Support: Disabled
[2021-11-13T18:08:23.866-0800][gc,init] NUMA Support: Disabled
[2021-11-13T18:08:23.866-0800][gc,init] Compressed Oops: Enabled (Zero based)
[2021-11-13T18:08:23.866-0800][gc,init] Heap Region Size: 1M
[2021-11-13T18:08:23.866-0800][gc,init] Heap Min Capacity: 1G
[2021-11-13T18:08:23.866-0800][gc,init] Heap Initial Capacity: 1G
[2021-11-13T18:08:23.866-0800][gc,init] Heap Max Capacity: 1G
[2021-11-13T18:08:23.866-0800][gc,init] Pre-touch: Disabled
[2021-11-13T18:08:23.866-0800][gc,init] Parallel Workers: 8
[2021-11-13T18:08:23.866-0800][gc,init] Concurrent Workers: 2
[2021-11-13T18:08:23.866-0800][gc,init] Concurrent Refinement Workers: 8
[2021-11-13T18:08:23.866-0800][gc,init] Periodic GC: Disabled
[2021-11-13T18:08:23.866-0800][gc,metaspace] CDS archive(s) mapped at: [0x0000000800000000-0x0000000800bd0000-0x0000000800bd0000), size 12386304, SharedBaseAddress: 0x0000000800000000, ArchiveRelocationMode: 0.
[2021-11-13T18:08:23.866-0800][gc,metaspace] Compressed class space mapped at: 0x0000000800c00000-0x0000000840c00000, reserved size: 1073741824
[2021-11-13T18:08:23.866-0800][gc,metaspace] Narrow klass base: 0x0000000800000000, Narrow klass shift: 0, Narrow klass range: 0x100000000
[2021-11-13T18:08:25.943-0800][gc,start    ] GC(0) Pause Young (Normal) (G1 Evacuation Pause)
[2021-11-13T18:08:25.943-0800][gc,task     ] GC(0) Using 8 workers of 8 for evacuation
[2021-11-13T18:08:25.947-0800][gc,phases   ] GC(0)   Pre Evacuate Collection Set: 0.1ms
[2021-11-13T18:08:25.948-0800][gc,phases   ] GC(0)   Merge Heap Roots: 0.1ms
[2021-11-13T18:08:25.948-0800][gc,phases   ] GC(0)   Evacuate Collection Set: 3.4ms
[2021-11-13T18:08:25.948-0800][gc,phases   ] GC(0)   Post Evacuate Collection Set: 0.4ms
[2021-11-13T18:08:25.948-0800][gc,phases   ] GC(0)   Other: 0.6ms
[2021-11-13T18:08:25.948-0800][gc,heap     ] GC(0) Eden regions: 51->0(44)
[2021-11-13T18:08:25.948-0800][gc,heap     ] GC(0) Survivor regions: 0->7(7)
[2021-11-13T18:08:25.948-0800][gc,heap     ] GC(0) Old regions: 0->1
[2021-11-13T18:08:25.948-0800][gc,heap     ] GC(0) Archive regions: 2->2
[2021-11-13T18:08:25.948-0800][gc,heap     ] GC(0) Humongous regions: 0->0
[2021-11-13T18:08:25.948-0800][gc,metaspace] GC(0) Metaspace: 19085K(19264K)->19085K(19264K) NonClass: 16531K(16640K)->16531K(16640K) Class: 2554K(2624K)->2554K(2624K)
[2021-11-13T18:08:25.948-0800][gc          ] GC(0) Pause Young (Normal) (G1 Evacuation Pause) 51M->8M(1024M) 4.737ms
[2021-11-13T18:08:25.948-0800][gc,cpu      ] GC(0) User=0.02s Sys=0.01s Real=0.00s
[2021-11-13T18:08:26.250-0800][gc,start    ] GC(1) Pause Young (Concurrent Start) (Metadata GC Threshold)
[2021-11-13T18:08:26.250-0800][gc,task     ] GC(1) Using 8 workers of 8 for evacuation
[2021-11-13T18:08:26.257-0800][gc,phases   ] GC(1)   Pre Evacuate Collection Set: 0.1ms
[2021-11-13T18:08:26.257-0800][gc,phases   ] GC(1)   Merge Heap Roots: 0.0ms
[2021-11-13T18:08:26.257-0800][gc,phases   ] GC(1)   Evacuate Collection Set: 6.4ms
[2021-11-13T18:08:26.257-0800][gc,phases   ] GC(1)   Post Evacuate Collection Set: 0.4ms
[2021-11-13T18:08:26.257-0800][gc,phases   ] GC(1)   Other: 0.2ms
[2021-11-13T18:08:26.257-0800][gc,heap     ] GC(1) Eden regions: 11->0(49)
[2021-11-13T18:08:26.257-0800][gc,heap     ] GC(1) Survivor regions: 7->2(7)
[2021-11-13T18:08:26.257-0800][gc,heap     ] GC(1) Old regions: 1->7
[2021-11-13T18:08:26.257-0800][gc,heap     ] GC(1) Archive regions: 2->2
[2021-11-13T18:08:26.257-0800][gc,heap     ] GC(1) Humongous regions: 129->129
[2021-11-13T18:08:26.257-0800][gc,metaspace] GC(1) Metaspace: 21326K(21504K)->21326K(21504K) NonClass: 18444K(18560K)->18444K(18560K) Class: 2881K(2944K)->2881K(2944K)
[2021-11-13T18:08:26.257-0800][gc          ] GC(1) Pause Young (Concurrent Start) (Metadata GC Threshold) 147M->138M(1024M) 7.363ms
[2021-11-13T18:08:26.257-0800][gc,cpu      ] GC(1) User=0.02s Sys=0.01s Real=0.00s
[2021-11-13T18:08:26.257-0800][gc          ] GC(2) Concurrent Mark Cycle
[2021-11-13T18:08:26.257-0800][gc,marking  ] GC(2) Concurrent Clear Claimed Marks
[2021-11-13T18:08:26.257-0800][gc,marking  ] GC(2) Concurrent Clear Claimed Marks 0.023ms
[2021-11-13T18:08:26.257-0800][gc,marking  ] GC(2) Concurrent Scan Root Regions
[2021-11-13T18:08:26.260-0800][gc,marking  ] GC(2) Concurrent Scan Root Regions 3.161ms
[2021-11-13T18:08:26.260-0800][gc,marking  ] GC(2) Concurrent Mark
[2021-11-13T18:08:26.260-0800][gc,marking  ] GC(2) Concurrent Mark From Roots
[2021-11-13T18:08:26.260-0800][gc,task     ] GC(2) Using 2 workers of 2 for marking
[2021-11-13T18:08:26.262-0800][gc,marking  ] GC(2) Concurrent Mark From Roots 1.636ms
[2021-11-13T18:08:26.262-0800][gc,marking  ] GC(2) Concurrent Preclean
[2021-11-13T18:08:26.262-0800][gc,marking  ] GC(2) Concurrent Preclean 0.030ms
[2021-11-13T18:08:26.262-0800][gc,start    ] GC(2) Pause Remark
[2021-11-13T18:08:26.264-0800][gc          ] GC(2) Pause Remark 139M->139M(1024M) 1.569ms
[2021-11-13T18:08:26.264-0800][gc,cpu      ] GC(2) User=0.00s Sys=0.00s Real=0.00s
[2021-11-13T18:08:26.264-0800][gc,marking  ] GC(2) Concurrent Mark 3.443ms
[2021-11-13T18:08:26.264-0800][gc,marking  ] GC(2) Concurrent Rebuild Remembered Sets
[2021-11-13T18:08:26.264-0800][gc,marking  ] GC(2) Concurrent Rebuild Remembered Sets 0.022ms
[2021-11-13T18:08:26.264-0800][gc,start    ] GC(2) Pause Cleanup
[2021-11-13T18:08:26.264-0800][gc          ] GC(2) Pause Cleanup 139M->139M(1024M) 0.035ms
[2021-11-13T18:08:26.264-0800][gc,cpu      ] GC(2) User=0.00s Sys=0.00s Real=0.00s
[2021-11-13T18:08:26.264-0800][gc,marking  ] GC(2) Concurrent Cleanup for Next Mark
[2021-11-13T18:08:26.272-0800][gc,marking  ] GC(2) Concurrent Cleanup for Next Mark 7.374ms
[2021-11-13T18:08:26.272-0800][gc          ] GC(2) Concurrent Mark Cycle 14.560ms
[2021-11-13T18:08:27.566-0800][gc,start    ] GC(3) Pause Young (Normal) (GCLocker Initiated GC)
[2021-11-13T18:08:27.566-0800][gc,task     ] GC(3) Using 8 workers of 8 for evacuation
[2021-11-13T18:08:27.569-0800][gc,phases   ] GC(3)   Pre Evacuate Collection Set: 0.1ms
[2021-11-13T18:08:27.569-0800][gc,phases   ] GC(3)   Merge Heap Roots: 0.0ms
[2021-11-13T18:08:27.569-0800][gc,phases   ] GC(3)   Evacuate Collection Set: 2.4ms
[2021-11-13T18:08:27.569-0800][gc,phases   ] GC(3)   Post Evacuate Collection Set: 0.3ms
[2021-11-13T18:08:27.569-0800][gc,phases   ] GC(3)   Other: 0.1ms
[2021-11-13T18:08:27.569-0800][gc,heap     ] GC(3) Eden regions: 49->0(45)
[2021-11-13T18:08:27.569-0800][gc,heap     ] GC(3) Survivor regions: 2->6(7)
[2021-11-13T18:08:27.569-0800][gc,heap     ] GC(3) Old regions: 7->7
[2021-11-13T18:08:27.569-0800][gc,heap     ] GC(3) Archive regions: 2->2
[2021-11-13T18:08:27.569-0800][gc,heap     ] GC(3) Humongous regions: 129->129
[2021-11-13T18:08:27.569-0800][gc,metaspace] GC(3) Metaspace: 32767K(33024K)->32767K(33024K) NonClass: 28724K(28864K)->28724K(28864K) Class: 4043K(4160K)->4043K(4160K)
[2021-11-13T18:08:27.569-0800][gc          ] GC(3) Pause Young (Normal) (GCLocker Initiated GC) 187M->142M(1024M) 3.075ms
[2021-11-13T18:08:27.569-0800][gc,cpu      ] GC(3) User=0.02s Sys=0.00s Real=0.00s
[2021-11-13T18:17:41.078-0800][gc,start    ] GC(4) Pause Young (Concurrent Start) (Metadata GC Threshold)
[2021-11-13T18:17:41.078-0800][gc,task     ] GC(4) Using 8 workers of 8 for evacuation
[2021-11-13T18:17:41.092-0800][gc,phases   ] GC(4)   Pre Evacuate Collection Set: 1.5ms
[2021-11-13T18:17:41.092-0800][gc,phases   ] GC(4)   Merge Heap Roots: 0.1ms
[2021-11-13T18:17:41.092-0800][gc,phases   ] GC(4)   Evacuate Collection Set: 11.8ms
[2021-11-13T18:17:41.092-0800][gc,phases   ] GC(4)   Post Evacuate Collection Set: 0.5ms
[2021-11-13T18:17:41.092-0800][gc,phases   ] GC(4)   Other: 0.9ms
[2021-11-13T18:17:41.092-0800][gc,heap     ] GC(4) Eden regions: 18->0(49)
[2021-11-13T18:17:41.092-0800][gc,heap     ] GC(4) Survivor regions: 6->2(7)
[2021-11-13T18:17:41.092-0800][gc,heap     ] GC(4) Old regions: 7->12
[2021-11-13T18:17:41.092-0800][gc,heap     ] GC(4) Archive regions: 2->2
[2021-11-13T18:17:41.092-0800][gc,heap     ] GC(4) Humongous regions: 129->129
[2021-11-13T18:17:41.092-0800][gc,metaspace] GC(4) Metaspace: 35811K(36160K)->35811K(36160K) NonClass: 31236K(31424K)->31236K(31424K) Class: 4575K(4736K)->4575K(4736K)
[2021-11-13T18:17:41.092-0800][gc          ] GC(4) Pause Young (Concurrent Start) (Metadata GC Threshold) 159M->143M(1024M) 14.862ms
[2021-11-13T18:17:41.092-0800][gc,cpu      ] GC(4) User=0.02s Sys=0.05s Real=0.02s
[2021-11-13T18:17:41.093-0800][gc          ] GC(5) Concurrent Mark Cycle
[2021-11-13T18:17:41.093-0800][gc,marking  ] GC(5) Concurrent Clear Claimed Marks
[2021-11-13T18:17:41.093-0800][gc,marking  ] GC(5) Concurrent Clear Claimed Marks 0.037ms
[2021-11-13T18:17:41.093-0800][gc,marking  ] GC(5) Concurrent Scan Root Regions
[2021-11-13T18:17:41.096-0800][gc,marking  ] GC(5) Concurrent Scan Root Regions 3.545ms
[2021-11-13T18:17:41.096-0800][gc,marking  ] GC(5) Concurrent Mark
[2021-11-13T18:17:41.096-0800][gc,marking  ] GC(5) Concurrent Mark From Roots
[2021-11-13T18:17:41.096-0800][gc,task     ] GC(5) Using 2 workers of 2 for marking
[2021-11-13T18:17:41.103-0800][gc,marking  ] GC(5) Concurrent Mark From Roots 6.840ms
[2021-11-13T18:17:41.103-0800][gc,marking  ] GC(5) Concurrent Preclean
[2021-11-13T18:17:41.103-0800][gc,marking  ] GC(5) Concurrent Preclean 0.070ms
[2021-11-13T18:17:41.103-0800][gc,start    ] GC(5) Pause Remark
[2021-11-13T18:17:41.106-0800][gc          ] GC(5) Pause Remark 144M->144M(1024M) 2.418ms
[2021-11-13T18:17:41.106-0800][gc,cpu      ] GC(5) User=0.01s Sys=0.01s Real=0.00s
[2021-11-13T18:17:41.106-0800][gc,marking  ] GC(5) Concurrent Mark 9.544ms
[2021-11-13T18:17:41.106-0800][gc,marking  ] GC(5) Concurrent Rebuild Remembered Sets
[2021-11-13T18:17:41.106-0800][gc,marking  ] GC(5) Concurrent Rebuild Remembered Sets 0.010ms
[2021-11-13T18:17:41.106-0800][gc,start    ] GC(5) Pause Cleanup
[2021-11-13T18:17:41.106-0800][gc          ] GC(5) Pause Cleanup 144M->144M(1024M) 0.015ms
[2021-11-13T18:17:41.106-0800][gc,cpu      ] GC(5) User=0.00s Sys=0.00s Real=0.00s
[2021-11-13T18:17:41.106-0800][gc,marking  ] GC(5) Concurrent Cleanup for Next Mark
[2021-11-13T18:17:41.112-0800][gc,marking  ] GC(5) Concurrent Cleanup for Next Mark 6.259ms
[2021-11-13T18:17:41.112-0800][gc          ] GC(5) Concurrent Mark Cycle 19.746ms
[2021-11-13T18:24:20.149-0800][gc,start    ] GC(6) Pause Young (Normal) (G1 Evacuation Pause)
[2021-11-13T18:24:20.149-0800][gc,task     ] GC(6) Using 8 workers of 8 for evacuation
[2021-11-13T18:24:20.169-0800][gc,phases   ] GC(6)   Pre Evacuate Collection Set: 1.7ms
[2021-11-13T18:24:20.169-0800][gc,phases   ] GC(6)   Merge Heap Roots: 0.1ms
[2021-11-13T18:24:20.169-0800][gc,phases   ] GC(6)   Evacuate Collection Set: 16.6ms
[2021-11-13T18:24:20.169-0800][gc,phases   ] GC(6)   Post Evacuate Collection Set: 0.6ms
[2021-11-13T18:24:20.169-0800][gc,phases   ] GC(6)   Other: 1.2ms
[2021-11-13T18:24:20.169-0800][gc,heap     ] GC(6) Eden regions: 49->0(47)
[2021-11-13T18:24:20.169-0800][gc,heap     ] GC(6) Survivor regions: 2->4(7)
[2021-11-13T18:24:20.169-0800][gc,heap     ] GC(6) Old regions: 12->12
[2021-11-13T18:24:20.169-0800][gc,heap     ] GC(6) Archive regions: 2->2
[2021-11-13T18:24:20.169-0800][gc,heap     ] GC(6) Humongous regions: 129->129
[2021-11-13T18:24:20.169-0800][gc,metaspace] GC(6) Metaspace: 39723K(40320K)->39723K(40320K) NonClass: 34597K(34944K)->34597K(34944K) Class: 5125K(5376K)->5125K(5376K)
[2021-11-13T18:24:20.169-0800][gc          ] GC(6) Pause Young (Normal) (G1 Evacuation Pause) 192M->145M(1024M) 19.634ms
[2021-11-13T18:24:20.169-0800][gc,cpu      ] GC(6) User=0.02s Sys=0.06s Real=0.02s
[2021-11-13T18:24:48.565-0800][gc,start    ] GC(7) Pause Young (Normal) (G1 Evacuation Pause)
[2021-11-13T18:24:48.565-0800][gc,task     ] GC(7) Using 8 workers of 8 for evacuation
[2021-11-13T18:24:48.569-0800][gc,phases   ] GC(7)   Pre Evacuate Collection Set: 0.1ms
[2021-11-13T18:24:48.569-0800][gc,phases   ] GC(7)   Merge Heap Roots: 0.1ms
[2021-11-13T18:24:48.569-0800][gc,phases   ] GC(7)   Evacuate Collection Set: 3.1ms
[2021-11-13T18:24:48.569-0800][gc,phases   ] GC(7)   Post Evacuate Collection Set: 0.5ms
[2021-11-13T18:24:48.569-0800][gc,phases   ] GC(7)   Other: 0.4ms
[2021-11-13T18:24:48.569-0800][gc,heap     ] GC(7) Eden regions: 47->0(47)
[2021-11-13T18:24:48.569-0800][gc,heap     ] GC(7) Survivor regions: 4->4(7)
[2021-11-13T18:24:48.569-0800][gc,heap     ] GC(7) Old regions: 12->12
[2021-11-13T18:24:48.569-0800][gc,heap     ] GC(7) Archive regions: 2->2
[2021-11-13T18:24:48.569-0800][gc,heap     ] GC(7) Humongous regions: 129->129
[2021-11-13T18:24:48.569-0800][gc,metaspace] GC(7) Metaspace: 39740K(40384K)->39740K(40384K) NonClass: 34611K(35008K)->34611K(35008K) Class: 5128K(5376K)->5128K(5376K)
[2021-11-13T18:24:48.569-0800][gc          ] GC(7) Pause Young (Normal) (G1 Evacuation Pause) 192M->145M(1024M) 4.205ms
[2021-11-13T18:24:48.569-0800][gc,cpu      ] GC(7) User=0.02s Sys=0.00s Real=0.00s
[2021-11-13T18:25:22.265-0800][gc,start    ] GC(8) Pause Young (Normal) (G1 Evacuation Pause)
[2021-11-13T18:25:22.265-0800][gc,task     ] GC(8) Using 8 workers of 8 for evacuation
[2021-11-13T18:25:22.270-0800][gc,phases   ] GC(8)   Pre Evacuate Collection Set: 0.1ms
[2021-11-13T18:25:22.270-0800][gc,phases   ] GC(8)   Merge Heap Roots: 0.0ms
[2021-11-13T18:25:22.270-0800][gc,phases   ] GC(8)   Evacuate Collection Set: 3.5ms
[2021-11-13T18:25:22.270-0800][gc,phases   ] GC(8)   Post Evacuate Collection Set: 1.1ms
[2021-11-13T18:25:22.270-0800][gc,phases   ] GC(8)   Other: 1.0ms
[2021-11-13T18:25:22.270-0800][gc,heap     ] GC(8) Eden regions: 47->0(46)
[2021-11-13T18:25:22.270-0800][gc,heap     ] GC(8) Survivor regions: 4->5(7)
[2021-11-13T18:25:22.270-0800][gc,heap     ] GC(8) Old regions: 12->12
[2021-11-13T18:25:22.270-0800][gc,heap     ] GC(8) Archive regions: 2->2
[2021-11-13T18:25:22.270-0800][gc,heap     ] GC(8) Humongous regions: 129->129
[2021-11-13T18:25:22.270-0800][gc,metaspace] GC(8) Metaspace: 39749K(40384K)->39749K(40384K) NonClass: 34619K(35008K)->34619K(35008K) Class: 5130K(5376K)->5130K(5376K)
[2021-11-13T18:25:22.270-0800][gc          ] GC(8) Pause Young (Normal) (G1 Evacuation Pause) 192M->146M(1024M) 5.315ms
[2021-11-13T18:25:22.271-0800][gc,cpu      ] GC(8) User=0.02s Sys=0.01s Real=0.01s
[2021-11-13T18:25:57.028-0800][gc,start    ] GC(9) Pause Young (Normal) (G1 Evacuation Pause)
[2021-11-13T18:25:57.030-0800][gc,task     ] GC(9) Using 8 workers of 8 for evacuation
[2021-11-13T18:25:57.035-0800][gc,phases   ] GC(9)   Pre Evacuate Collection Set: 0.1ms
[2021-11-13T18:25:57.035-0800][gc,phases   ] GC(9)   Merge Heap Roots: 0.1ms
[2021-11-13T18:25:57.035-0800][gc,phases   ] GC(9)   Evacuate Collection Set: 4.6ms
[2021-11-13T18:25:57.035-0800][gc,phases   ] GC(9)   Post Evacuate Collection Set: 0.4ms
[2021-11-13T18:25:57.035-0800][gc,phases   ] GC(9)   Other: 1.8ms
[2021-11-13T18:25:57.035-0800][gc,heap     ] GC(9) Eden regions: 46->0(62)
[2021-11-13T18:25:57.036-0800][gc,heap     ] GC(9) Survivor regions: 5->3(7)
[2021-11-13T18:25:57.036-0800][gc,heap     ] GC(9) Old regions: 12->15
[2021-11-13T18:25:57.036-0800][gc,heap     ] GC(9) Archive regions: 2->2
[2021-11-13T18:25:57.036-0800][gc,heap     ] GC(9) Humongous regions: 129->129
[2021-11-13T18:25:57.036-0800][gc,metaspace] GC(9) Metaspace: 39765K(40384K)->39765K(40384K) NonClass: 34635K(35008K)->34635K(35008K) Class: 5130K(5376K)->5130K(5376K)
[2021-11-13T18:25:57.036-0800][gc          ] GC(9) Pause Young (Normal) (G1 Evacuation Pause) 192M->146M(1024M) 7.177ms
[2021-11-13T18:25:57.036-0800][gc,cpu      ] GC(9) User=0.02s Sys=0.00s Real=0.01s
[2021-11-13T18:26:44.587-0800][gc,start    ] GC(10) Pause Young (Normal) (G1 Evacuation Pause)
[2021-11-13T18:26:44.587-0800][gc,task     ] GC(10) Using 8 workers of 8 for evacuation
[2021-11-13T18:26:44.594-0800][gc,phases   ] GC(10)   Pre Evacuate Collection Set: 1.4ms
[2021-11-13T18:26:44.594-0800][gc,phases   ] GC(10)   Merge Heap Roots: 0.2ms
[2021-11-13T18:26:44.594-0800][gc,phases   ] GC(10)   Evacuate Collection Set: 4.1ms
[2021-11-13T18:26:44.594-0800][gc,phases   ] GC(10)   Post Evacuate Collection Set: 0.5ms
[2021-11-13T18:26:44.594-0800][gc,phases   ] GC(10)   Other: 1.2ms
[2021-11-13T18:26:44.594-0800][gc,heap     ] GC(10) Eden regions: 62->0(84)
[2021-11-13T18:26:44.594-0800][gc,heap     ] GC(10) Survivor regions: 3->4(9)
[2021-11-13T18:26:44.594-0800][gc,heap     ] GC(10) Old regions: 15->15
[2021-11-13T18:26:44.594-0800][gc,heap     ] GC(10) Archive regions: 2->2
[2021-11-13T18:26:44.594-0800][gc,heap     ] GC(10) Humongous regions: 129->129
[2021-11-13T18:26:44.594-0800][gc,metaspace] GC(10) Metaspace: 39769K(40384K)->39769K(40384K) NonClass: 34639K(35008K)->34639K(35008K) Class: 5130K(5376K)->5130K(5376K)
[2021-11-13T18:26:44.594-0800][gc          ] GC(10) Pause Young (Normal) (G1 Evacuation Pause) 208M->147M(1024M) 6.772ms
[2021-11-13T18:26:44.594-0800][gc,cpu      ] GC(10) User=0.02s Sys=0.02s Real=0.01s
[2021-11-13T18:27:48.647-0800][gc,start    ] GC(11) Pause Young (Normal) (G1 Evacuation Pause)
[2021-11-13T18:27:48.647-0800][gc,task     ] GC(11) Using 8 workers of 8 for evacuation
[2021-11-13T18:27:48.659-0800][gc,phases   ] GC(11)   Pre Evacuate Collection Set: 2.6ms
[2021-11-13T18:27:48.659-0800][gc,phases   ] GC(11)   Merge Heap Roots: 0.4ms
[2021-11-13T18:27:48.659-0800][gc,phases   ] GC(11)   Evacuate Collection Set: 8.6ms
[2021-11-13T18:27:48.660-0800][gc,phases   ] GC(11)   Post Evacuate Collection Set: 0.5ms
[2021-11-13T18:27:48.660-0800][gc,phases   ] GC(11)   Other: 0.8ms
[2021-11-13T18:27:48.660-0800][gc,heap     ] GC(11) Eden regions: 84->0(73)
[2021-11-13T18:27:48.660-0800][gc,heap     ] GC(11) Survivor regions: 4->5(11)
[2021-11-13T18:27:48.660-0800][gc,heap     ] GC(11) Old regions: 15->15
[2021-11-13T18:27:48.660-0800][gc,heap     ] GC(11) Archive regions: 2->2
[2021-11-13T18:27:48.660-0800][gc,heap     ] GC(11) Humongous regions: 129->129
[2021-11-13T18:27:48.660-0800][gc,metaspace] GC(11) Metaspace: 39806K(40384K)->39806K(40384K) NonClass: 34675K(35008K)->34675K(35008K) Class: 5130K(5376K)->5130K(5376K)
[2021-11-13T18:27:48.660-0800][gc          ] GC(11) Pause Young (Normal) (G1 Evacuation Pause) 231M->148M(1024M) 13.005ms
[2021-11-13T18:27:48.660-0800][gc,cpu      ] GC(11) User=0.02s Sys=0.02s Real=0.02s
[2021-11-13T18:28:46.636-0800][gc,start    ] GC(12) Pause Young (Normal) (G1 Evacuation Pause)
[2021-11-13T18:28:46.637-0800][gc,task     ] GC(12) Using 8 workers of 8 for evacuation
[2021-11-13T18:28:46.657-0800][gc,phases   ] GC(12)   Pre Evacuate Collection Set: 0.2ms
[2021-11-13T18:28:46.657-0800][gc,phases   ] GC(12)   Merge Heap Roots: 0.1ms
[2021-11-13T18:28:46.657-0800][gc,phases   ] GC(12)   Evacuate Collection Set: 19.0ms
[2021-11-13T18:28:46.657-0800][gc,phases   ] GC(12)   Post Evacuate Collection Set: 0.3ms
[2021-11-13T18:28:46.657-0800][gc,phases   ] GC(12)   Other: 0.5ms
[2021-11-13T18:28:46.657-0800][gc,heap     ] GC(12) Eden regions: 73->0(44)
[2021-11-13T18:28:46.657-0800][gc,heap     ] GC(12) Survivor regions: 5->7(10)
[2021-11-13T18:28:46.657-0800][gc,heap     ] GC(12) Old regions: 15->15
[2021-11-13T18:28:46.657-0800][gc,heap     ] GC(12) Archive regions: 2->2
[2021-11-13T18:28:46.657-0800][gc,heap     ] GC(12) Humongous regions: 129->129
[2021-11-13T18:28:46.657-0800][gc,metaspace] GC(12) Metaspace: 40807K(41408K)->40807K(41408K) NonClass: 35533K(35904K)->35533K(35904K) Class: 5273K(5504K)->5273K(5504K)
[2021-11-13T18:28:46.657-0800][gc          ] GC(12) Pause Young (Normal) (G1 Evacuation Pause) 221M->150M(1024M) 20.310ms
[2021-11-13T18:28:46.657-0800][gc,cpu      ] GC(12) User=0.03s Sys=0.06s Real=0.02s
[2021-11-13T18:29:16.848-0800][gc,start    ] GC(13) Pause Young (Normal) (G1 Evacuation Pause)
[2021-11-13T18:29:16.849-0800][gc,task     ] GC(13) Using 8 workers of 8 for evacuation
[2021-11-13T18:29:16.855-0800][gc,phases   ] GC(13)   Pre Evacuate Collection Set: 0.1ms
[2021-11-13T18:29:16.855-0800][gc,phases   ] GC(13)   Merge Heap Roots: 0.1ms
[2021-11-13T18:29:16.855-0800][gc,phases   ] GC(13)   Evacuate Collection Set: 5.5ms
[2021-11-13T18:29:16.855-0800][gc,phases   ] GC(13)   Post Evacuate Collection Set: 0.3ms
[2021-11-13T18:29:16.855-0800][gc,phases   ] GC(13)   Other: 0.9ms
[2021-11-13T18:29:16.855-0800][gc,heap     ] GC(13) Eden regions: 44->0(125)
[2021-11-13T18:29:16.855-0800][gc,heap     ] GC(13) Survivor regions: 7->4(7)
[2021-11-13T18:29:16.855-0800][gc,heap     ] GC(13) Old regions: 15->18
[2021-11-13T18:29:16.855-0800][gc,heap     ] GC(13) Archive regions: 2->2
[2021-11-13T18:29:16.855-0800][gc,heap     ] GC(13) Humongous regions: 129->129
[2021-11-13T18:29:16.855-0800][gc,metaspace] GC(13) Metaspace: 40813K(41472K)->40813K(41472K) NonClass: 35540K(35968K)->35540K(35968K) Class: 5273K(5504K)->5273K(5504K)
[2021-11-13T18:29:16.855-0800][gc          ] GC(13) Pause Young (Normal) (G1 Evacuation Pause) 194M->151M(1024M) 7.132ms
[2021-11-13T18:29:16.855-0800][gc,cpu      ] GC(13) User=0.04s Sys=0.01s Real=0.01s
[2021-11-13T18:30:41.176-0800][gc,start    ] GC(14) Pause Young (Normal) (G1 Evacuation Pause)
[2021-11-13T18:30:41.176-0800][gc,task     ] GC(14) Using 8 workers of 8 for evacuation
[2021-11-13T18:30:41.192-0800][gc,phases   ] GC(14)   Pre Evacuate Collection Set: 0.2ms
[2021-11-13T18:30:41.192-0800][gc,phases   ] GC(14)   Merge Heap Roots: 0.2ms
[2021-11-13T18:30:41.192-0800][gc,phases   ] GC(14)   Evacuate Collection Set: 14.3ms
[2021-11-13T18:30:41.192-0800][gc,phases   ] GC(14)   Post Evacuate Collection Set: 0.4ms
[2021-11-13T18:30:41.192-0800][gc,phases   ] GC(14)   Other: 0.3ms
[2021-11-13T18:30:41.192-0800][gc,heap     ] GC(14) Eden regions: 119->0(92)
[2021-11-13T18:30:41.192-0800][gc,heap     ] GC(14) Survivor regions: 4->6(16)
[2021-11-13T18:30:41.192-0800][gc,heap     ] GC(14) Old regions: 18->18
[2021-11-13T18:30:41.192-0800][gc,heap     ] GC(14) Archive regions: 2->2
[2021-11-13T18:30:41.192-0800][gc,heap     ] GC(14) Humongous regions: 129->129
[2021-11-13T18:30:41.192-0800][gc,metaspace] GC(14) Metaspace: 40870K(41472K)->40870K(41472K) NonClass: 35597K(35968K)->35597K(35968K) Class: 5273K(5504K)->5273K(5504K)
[2021-11-13T18:30:41.193-0800][gc          ] GC(14) Pause Young (Normal) (G1 Evacuation Pause) 270M->152M(1024M) 16.231ms
[2021-11-13T18:30:41.193-0800][gc,cpu      ] GC(14) User=0.03s Sys=0.03s Real=0.02s
[2021-11-13T18:31:44.253-0800][gc,start    ] GC(15) Pause Young (Normal) (G1 Evacuation Pause)
[2021-11-13T18:31:44.253-0800][gc,task     ] GC(15) Using 8 workers of 8 for evacuation
[2021-11-13T18:31:44.263-0800][gc,phases   ] GC(15)   Pre Evacuate Collection Set: 1.1ms
[2021-11-13T18:31:44.263-0800][gc,phases   ] GC(15)   Merge Heap Roots: 0.1ms
[2021-11-13T18:31:44.263-0800][gc,phases   ] GC(15)   Evacuate Collection Set: 8.6ms
[2021-11-13T18:31:44.263-0800][gc,phases   ] GC(15)   Post Evacuate Collection Set: 0.6ms
[2021-11-13T18:31:44.263-0800][gc,phases   ] GC(15)   Other: 0.3ms
[2021-11-13T18:31:44.263-0800][gc,heap     ] GC(15) Eden regions: 83->0(86)
[2021-11-13T18:31:44.263-0800][gc,heap     ] GC(15) Survivor regions: 6->8(12)
[2021-11-13T18:31:44.264-0800][gc,heap     ] GC(15) Old regions: 18->18
[2021-11-13T18:31:44.264-0800][gc,heap     ] GC(15) Archive regions: 2->2
[2021-11-13T18:31:44.264-0800][gc,heap     ] GC(15) Humongous regions: 129->129
[2021-11-13T18:31:44.264-0800][gc,metaspace] GC(15) Metaspace: 40906K(41472K)->40906K(41472K) NonClass: 35631K(35968K)->35631K(35968K) Class: 5274K(5504K)->5274K(5504K)
[2021-11-13T18:31:44.264-0800][gc          ] GC(15) Pause Young (Normal) (G1 Evacuation Pause) 235M->155M(1024M) 10.748ms
[2021-11-13T18:31:44.264-0800][gc,cpu      ] GC(15) User=0.03s Sys=0.02s Real=0.01s
[2021-11-13T18:32:50.102-0800][gc,start    ] GC(16) Pause Young (Normal) (G1 Evacuation Pause)
[2021-11-13T18:32:50.102-0800][gc,task     ] GC(16) Using 8 workers of 8 for evacuation
[2021-11-13T18:32:50.110-0800][gc,phases   ] GC(16)   Pre Evacuate Collection Set: 0.1ms
[2021-11-13T18:32:50.110-0800][gc,phases   ] GC(16)   Merge Heap Roots: 0.0ms
[2021-11-13T18:32:50.110-0800][gc,phases   ] GC(16)   Evacuate Collection Set: 7.4ms
[2021-11-13T18:32:50.110-0800][gc,phases   ] GC(16)   Post Evacuate Collection Set: 0.3ms
[2021-11-13T18:32:50.110-0800][gc,phases   ] GC(16)   Other: 0.2ms
[2021-11-13T18:32:50.110-0800][gc,heap     ] GC(16) Eden regions: 86->0(134)
[2021-11-13T18:32:50.110-0800][gc,heap     ] GC(16) Survivor regions: 8->7(12)
[2021-11-13T18:32:50.110-0800][gc,heap     ] GC(16) Old regions: 18->20
[2021-11-13T18:32:50.110-0800][gc,heap     ] GC(16) Archive regions: 2->2
[2021-11-13T18:32:50.110-0800][gc,heap     ] GC(16) Humongous regions: 129->129
[2021-11-13T18:32:50.110-0800][gc,metaspace] GC(16) Metaspace: 40963K(41600K)->40963K(41600K) NonClass: 35689K(36096K)->35689K(36096K) Class: 5274K(5504K)->5274K(5504K)
[2021-11-13T18:32:50.110-0800][gc          ] GC(16) Pause Young (Normal) (G1 Evacuation Pause) 241M->156M(1024M) 8.095ms
[2021-11-13T18:32:50.110-0800][gc,cpu      ] GC(16) User=0.03s Sys=0.02s Real=0.01s
