[2021-11-13 18:01:20,717] INFO [Controller id=0 epoch=1] Sending UpdateMetadata request to brokers Set(0) for 0 partitions (state.change.logger)
[2021-11-13 18:01:24,409] INFO [Controller id=0 epoch=1] Sending UpdateMetadata request to brokers Set() for 0 partitions (state.change.logger)
[2021-11-13 18:01:54,171] INFO [Controller id=0 epoch=2] Sending UpdateMetadata request to brokers Set(0) for 0 partitions (state.change.logger)
[2021-11-13 18:07:12,768] INFO [Controller id=0 epoch=2] Sending UpdateMetadata request to brokers Set() for 0 partitions (state.change.logger)
[2021-11-13 18:08:27,553] INFO [Controller id=0 epoch=3] Sending UpdateMetadata request to brokers Set(0) for 0 partitions (state.change.logger)
[2021-11-13 18:17:40,956] INFO [Controller id=0 epoch=3] Changed partition list_menu-0 state from NonExistentPartition to NewPartition with assigned replicas 0 (state.change.logger)
[2021-11-13 18:17:40,957] INFO [Controller id=0 epoch=3] Sending UpdateMetadata request to brokers Set() for 0 partitions (state.change.logger)
[2021-11-13 18:17:40,962] INFO [Controller id=0 epoch=3] Sending UpdateMetadata request to brokers Set() for 0 partitions (state.change.logger)
[2021-11-13 18:17:41,039] INFO [Controller id=0 epoch=3] Changed partition list_menu-0 from NewPartition to OnlinePartition with state LeaderAndIsr(leader=0, leaderEpoch=0, isr=List(0), zkVersion=0) (state.change.logger)
[2021-11-13 18:17:41,042] INFO [Controller id=0 epoch=3] Sending LeaderAndIsr request to broker 0 with 1 become-leader and 0 become-follower partitions (state.change.logger)
[2021-11-13 18:17:41,045] INFO [Controller id=0 epoch=3] Sending UpdateMetadata request to brokers Set(0) for 1 partitions (state.change.logger)
[2021-11-13 18:17:41,046] INFO [Controller id=0 epoch=3] Sending UpdateMetadata request to brokers Set() for 0 partitions (state.change.logger)
[2021-11-13 18:17:41,050] INFO [Broker id=0] Handling LeaderAndIsr request correlationId 1 from controller 0 for 1 partitions (state.change.logger)
[2021-11-13 18:17:41,072] INFO [Broker id=0] Stopped fetchers as part of LeaderAndIsr request correlationId 1 from controller 0 epoch 3 as part of the become-leader transition for 1 partitions (state.change.logger)
[2021-11-13 18:17:41,181] INFO [Broker id=0] Leader list_menu-0 starts at leader epoch 0 from offset 0 with high watermark 0 ISR [0] addingReplicas [] removingReplicas []. Previous leader epoch was -1. (state.change.logger)
[2021-11-13 18:17:41,213] INFO [Broker id=0] Finished LeaderAndIsr request in 164ms correlationId 1 from controller 0 for 1 partitions (state.change.logger)
[2021-11-13 18:17:41,238] INFO [Broker id=0] Add 1 partitions and deleted 0 partitions from metadata cache in response to UpdateMetadata request sent by controller 0 epoch 3 with correlation id 2 (state.change.logger)
[2021-11-13 18:18:24,860] INFO [Controller id=0 epoch=3] Changed partition user_signup-0 state from NonExistentPartition to NewPartition with assigned replicas 0 (state.change.logger)
[2021-11-13 18:18:24,861] INFO [Controller id=0 epoch=3] Sending UpdateMetadata request to brokers Set() for 0 partitions (state.change.logger)
[2021-11-13 18:18:24,861] INFO [Controller id=0 epoch=3] Sending UpdateMetadata request to brokers Set() for 0 partitions (state.change.logger)
[2021-11-13 18:18:24,922] INFO [Controller id=0 epoch=3] Changed partition user_signup-0 from NewPartition to OnlinePartition with state LeaderAndIsr(leader=0, leaderEpoch=0, isr=List(0), zkVersion=0) (state.change.logger)
[2021-11-13 18:18:24,922] INFO [Controller id=0 epoch=3] Sending LeaderAndIsr request to broker 0 with 1 become-leader and 0 become-follower partitions (state.change.logger)
[2021-11-13 18:18:24,922] INFO [Controller id=0 epoch=3] Sending UpdateMetadata request to brokers Set(0) for 1 partitions (state.change.logger)
[2021-11-13 18:18:24,923] INFO [Controller id=0 epoch=3] Sending UpdateMetadata request to brokers Set() for 0 partitions (state.change.logger)
[2021-11-13 18:18:24,923] INFO [Broker id=0] Handling LeaderAndIsr request correlationId 3 from controller 0 for 1 partitions (state.change.logger)
[2021-11-13 18:18:24,925] INFO [Broker id=0] Stopped fetchers as part of LeaderAndIsr request correlationId 3 from controller 0 epoch 3 as part of the become-leader transition for 1 partitions (state.change.logger)
[2021-11-13 18:18:24,945] INFO [Broker id=0] Leader user_signup-0 starts at leader epoch 0 from offset 0 with high watermark 0 ISR [0] addingReplicas [] removingReplicas []. Previous leader epoch was -1. (state.change.logger)
[2021-11-13 18:18:24,970] INFO [Broker id=0] Finished LeaderAndIsr request in 47ms correlationId 3 from controller 0 for 1 partitions (state.change.logger)
[2021-11-13 18:18:24,973] INFO [Broker id=0] Add 1 partitions and deleted 0 partitions from metadata cache in response to UpdateMetadata request sent by controller 0 epoch 3 with correlation id 4 (state.change.logger)
[2021-11-13 18:18:44,194] INFO [Controller id=0 epoch=3] Changed partition restaurant_signup-0 state from NonExistentPartition to NewPartition with assigned replicas 0 (state.change.logger)
[2021-11-13 18:18:44,194] INFO [Controller id=0 epoch=3] Sending UpdateMetadata request to brokers Set() for 0 partitions (state.change.logger)
[2021-11-13 18:18:44,195] INFO [Controller id=0 epoch=3] Sending UpdateMetadata request to brokers Set() for 0 partitions (state.change.logger)
[2021-11-13 18:18:44,261] INFO [Controller id=0 epoch=3] Changed partition restaurant_signup-0 from NewPartition to OnlinePartition with state LeaderAndIsr(leader=0, leaderEpoch=0, isr=List(0), zkVersion=0) (state.change.logger)
[2021-11-13 18:18:44,261] INFO [Controller id=0 epoch=3] Sending LeaderAndIsr request to broker 0 with 1 become-leader and 0 become-follower partitions (state.change.logger)
[2021-11-13 18:18:44,262] INFO [Controller id=0 epoch=3] Sending UpdateMetadata request to brokers Set(0) for 1 partitions (state.change.logger)
[2021-11-13 18:18:44,263] INFO [Controller id=0 epoch=3] Sending UpdateMetadata request to brokers Set() for 0 partitions (state.change.logger)
[2021-11-13 18:18:44,263] INFO [Broker id=0] Handling LeaderAndIsr request correlationId 5 from controller 0 for 1 partitions (state.change.logger)
[2021-11-13 18:18:44,265] INFO [Broker id=0] Stopped fetchers as part of LeaderAndIsr request correlationId 5 from controller 0 epoch 3 as part of the become-leader transition for 1 partitions (state.change.logger)
[2021-11-13 18:18:44,273] INFO [Broker id=0] Leader restaurant_signup-0 starts at leader epoch 0 from offset 0 with high watermark 0 ISR [0] addingReplicas [] removingReplicas []. Previous leader epoch was -1. (state.change.logger)
[2021-11-13 18:18:44,313] INFO [Broker id=0] Finished LeaderAndIsr request in 50ms correlationId 5 from controller 0 for 1 partitions (state.change.logger)
[2021-11-13 18:18:44,316] INFO [Broker id=0] Add 1 partitions and deleted 0 partitions from metadata cache in response to UpdateMetadata request sent by controller 0 epoch 3 with correlation id 6 (state.change.logger)
[2021-11-13 18:19:01,236] INFO [Controller id=0 epoch=3] Changed partition restaurant_lists-0 state from NonExistentPartition to NewPartition with assigned replicas 0 (state.change.logger)
[2021-11-13 18:19:01,236] INFO [Controller id=0 epoch=3] Sending UpdateMetadata request to brokers Set() for 0 partitions (state.change.logger)
[2021-11-13 18:19:01,236] INFO [Controller id=0 epoch=3] Sending UpdateMetadata request to brokers Set() for 0 partitions (state.change.logger)
[2021-11-13 18:19:01,358] INFO [Controller id=0 epoch=3] Changed partition restaurant_lists-0 from NewPartition to OnlinePartition with state LeaderAndIsr(leader=0, leaderEpoch=0, isr=List(0), zkVersion=0) (state.change.logger)
[2021-11-13 18:19:01,358] INFO [Controller id=0 epoch=3] Sending LeaderAndIsr request to broker 0 with 1 become-leader and 0 become-follower partitions (state.change.logger)
[2021-11-13 18:19:01,359] INFO [Controller id=0 epoch=3] Sending UpdateMetadata request to brokers Set(0) for 1 partitions (state.change.logger)
[2021-11-13 18:19:01,360] INFO [Controller id=0 epoch=3] Sending UpdateMetadata request to brokers Set() for 0 partitions (state.change.logger)
[2021-11-13 18:19:01,360] INFO [Broker id=0] Handling LeaderAndIsr request correlationId 7 from controller 0 for 1 partitions (state.change.logger)
[2021-11-13 18:19:01,362] INFO [Broker id=0] Stopped fetchers as part of LeaderAndIsr request correlationId 7 from controller 0 epoch 3 as part of the become-leader transition for 1 partitions (state.change.logger)
[2021-11-13 18:19:01,391] INFO [Broker id=0] Leader restaurant_lists-0 starts at leader epoch 0 from offset 0 with high watermark 0 ISR [0] addingReplicas [] removingReplicas []. Previous leader epoch was -1. (state.change.logger)
[2021-11-13 18:19:01,432] INFO [Broker id=0] Finished LeaderAndIsr request in 72ms correlationId 7 from controller 0 for 1 partitions (state.change.logger)
[2021-11-13 18:19:01,434] INFO [Broker id=0] Add 1 partitions and deleted 0 partitions from metadata cache in response to UpdateMetadata request sent by controller 0 epoch 3 with correlation id 8 (state.change.logger)
[2021-11-13 18:20:08,954] INFO [Controller id=0 epoch=3] Changed partition find_dishById-0 state from NonExistentPartition to NewPartition with assigned replicas 0 (state.change.logger)
[2021-11-13 18:20:08,954] INFO [Controller id=0 epoch=3] Sending UpdateMetadata request to brokers Set() for 0 partitions (state.change.logger)
[2021-11-13 18:20:08,955] INFO [Controller id=0 epoch=3] Sending UpdateMetadata request to brokers Set() for 0 partitions (state.change.logger)
[2021-11-13 18:20:09,026] INFO [Controller id=0 epoch=3] Changed partition find_dishById-0 from NewPartition to OnlinePartition with state LeaderAndIsr(leader=0, leaderEpoch=0, isr=List(0), zkVersion=0) (state.change.logger)
[2021-11-13 18:20:09,026] INFO [Controller id=0 epoch=3] Sending LeaderAndIsr request to broker 0 with 1 become-leader and 0 become-follower partitions (state.change.logger)
[2021-11-13 18:20:09,026] INFO [Controller id=0 epoch=3] Sending UpdateMetadata request to brokers Set(0) for 1 partitions (state.change.logger)
[2021-11-13 18:20:09,027] INFO [Controller id=0 epoch=3] Sending UpdateMetadata request to brokers Set() for 0 partitions (state.change.logger)
[2021-11-13 18:20:09,028] INFO [Broker id=0] Handling LeaderAndIsr request correlationId 9 from controller 0 for 1 partitions (state.change.logger)
[2021-11-13 18:20:09,029] INFO [Broker id=0] Stopped fetchers as part of LeaderAndIsr request correlationId 9 from controller 0 epoch 3 as part of the become-leader transition for 1 partitions (state.change.logger)
[2021-11-13 18:20:09,054] INFO [Broker id=0] Leader find_dishById-0 starts at leader epoch 0 from offset 0 with high watermark 0 ISR [0] addingReplicas [] removingReplicas []. Previous leader epoch was -1. (state.change.logger)
[2021-11-13 18:20:09,075] INFO [Broker id=0] Finished LeaderAndIsr request in 47ms correlationId 9 from controller 0 for 1 partitions (state.change.logger)
[2021-11-13 18:20:09,077] INFO [Broker id=0] Add 1 partitions and deleted 0 partitions from metadata cache in response to UpdateMetadata request sent by controller 0 epoch 3 with correlation id 10 (state.change.logger)
[2021-11-13 18:20:34,282] INFO [Controller id=0 epoch=3] Changed partition create_order-0 state from NonExistentPartition to NewPartition with assigned replicas 0 (state.change.logger)
[2021-11-13 18:20:34,282] INFO [Controller id=0 epoch=3] Sending UpdateMetadata request to brokers Set() for 0 partitions (state.change.logger)
[2021-11-13 18:20:34,283] INFO [Controller id=0 epoch=3] Sending UpdateMetadata request to brokers Set() for 0 partitions (state.change.logger)
[2021-11-13 18:20:34,318] INFO [Controller id=0 epoch=3] Changed partition create_order-0 from NewPartition to OnlinePartition with state LeaderAndIsr(leader=0, leaderEpoch=0, isr=List(0), zkVersion=0) (state.change.logger)
[2021-11-13 18:20:34,319] INFO [Controller id=0 epoch=3] Sending LeaderAndIsr request to broker 0 with 1 become-leader and 0 become-follower partitions (state.change.logger)
[2021-11-13 18:20:34,319] INFO [Controller id=0 epoch=3] Sending UpdateMetadata request to brokers Set(0) for 1 partitions (state.change.logger)
[2021-11-13 18:20:34,319] INFO [Controller id=0 epoch=3] Sending UpdateMetadata request to brokers Set() for 0 partitions (state.change.logger)
[2021-11-13 18:20:34,320] INFO [Broker id=0] Handling LeaderAndIsr request correlationId 11 from controller 0 for 1 partitions (state.change.logger)
[2021-11-13 18:20:34,321] INFO [Broker id=0] Stopped fetchers as part of LeaderAndIsr request correlationId 11 from controller 0 epoch 3 as part of the become-leader transition for 1 partitions (state.change.logger)
[2021-11-13 18:20:34,339] INFO [Broker id=0] Leader create_order-0 starts at leader epoch 0 from offset 0 with high watermark 0 ISR [0] addingReplicas [] removingReplicas []. Previous leader epoch was -1. (state.change.logger)
[2021-11-13 18:20:34,351] INFO [Broker id=0] Finished LeaderAndIsr request in 31ms correlationId 11 from controller 0 for 1 partitions (state.change.logger)
[2021-11-13 18:20:34,352] INFO [Broker id=0] Add 1 partitions and deleted 0 partitions from metadata cache in response to UpdateMetadata request sent by controller 0 epoch 3 with correlation id 12 (state.change.logger)
[2021-11-13 18:20:48,252] INFO [Controller id=0 epoch=3] Changed partition update_customerdetails-0 state from NonExistentPartition to NewPartition with assigned replicas 0 (state.change.logger)
[2021-11-13 18:20:48,253] INFO [Controller id=0 epoch=3] Sending UpdateMetadata request to brokers Set() for 0 partitions (state.change.logger)
[2021-11-13 18:20:48,253] INFO [Controller id=0 epoch=3] Sending UpdateMetadata request to brokers Set() for 0 partitions (state.change.logger)
[2021-11-13 18:20:48,384] INFO [Controller id=0 epoch=3] Changed partition update_customerdetails-0 from NewPartition to OnlinePartition with state LeaderAndIsr(leader=0, leaderEpoch=0, isr=List(0), zkVersion=0) (state.change.logger)
[2021-11-13 18:20:48,385] INFO [Controller id=0 epoch=3] Sending LeaderAndIsr request to broker 0 with 1 become-leader and 0 become-follower partitions (state.change.logger)
[2021-11-13 18:20:48,385] INFO [Controller id=0 epoch=3] Sending UpdateMetadata request to brokers Set(0) for 1 partitions (state.change.logger)
[2021-11-13 18:20:48,385] INFO [Controller id=0 epoch=3] Sending UpdateMetadata request to brokers Set() for 0 partitions (state.change.logger)
[2021-11-13 18:20:48,385] INFO [Broker id=0] Handling LeaderAndIsr request correlationId 13 from controller 0 for 1 partitions (state.change.logger)
[2021-11-13 18:20:48,386] INFO [Broker id=0] Stopped fetchers as part of LeaderAndIsr request correlationId 13 from controller 0 epoch 3 as part of the become-leader transition for 1 partitions (state.change.logger)
[2021-11-13 18:20:48,434] INFO [Broker id=0] Leader update_customerdetails-0 starts at leader epoch 0 from offset 0 with high watermark 0 ISR [0] addingReplicas [] removingReplicas []. Previous leader epoch was -1. (state.change.logger)
[2021-11-13 18:20:48,473] INFO [Broker id=0] Finished LeaderAndIsr request in 88ms correlationId 13 from controller 0 for 1 partitions (state.change.logger)
[2021-11-13 18:20:48,476] INFO [Broker id=0] Add 1 partitions and deleted 0 partitions from metadata cache in response to UpdateMetadata request sent by controller 0 epoch 3 with correlation id 14 (state.change.logger)
[2021-11-13 18:21:15,106] INFO [Controller id=0 epoch=3] Changed partition response_topic-0 state from NonExistentPartition to NewPartition with assigned replicas 0 (state.change.logger)
[2021-11-13 18:21:15,106] INFO [Controller id=0 epoch=3] Sending UpdateMetadata request to brokers Set() for 0 partitions (state.change.logger)
[2021-11-13 18:21:15,107] INFO [Controller id=0 epoch=3] Sending UpdateMetadata request to brokers Set() for 0 partitions (state.change.logger)
[2021-11-13 18:21:15,170] INFO [Controller id=0 epoch=3] Changed partition response_topic-0 from NewPartition to OnlinePartition with state LeaderAndIsr(leader=0, leaderEpoch=0, isr=List(0), zkVersion=0) (state.change.logger)
[2021-11-13 18:21:15,170] INFO [Controller id=0 epoch=3] Sending LeaderAndIsr request to broker 0 with 1 become-leader and 0 become-follower partitions (state.change.logger)
[2021-11-13 18:21:15,171] INFO [Controller id=0 epoch=3] Sending UpdateMetadata request to brokers Set(0) for 1 partitions (state.change.logger)
[2021-11-13 18:21:15,172] INFO [Controller id=0 epoch=3] Sending UpdateMetadata request to brokers Set() for 0 partitions (state.change.logger)
[2021-11-13 18:21:15,172] INFO [Broker id=0] Handling LeaderAndIsr request correlationId 15 from controller 0 for 1 partitions (state.change.logger)
[2021-11-13 18:21:15,174] INFO [Broker id=0] Stopped fetchers as part of LeaderAndIsr request correlationId 15 from controller 0 epoch 3 as part of the become-leader transition for 1 partitions (state.change.logger)
[2021-11-13 18:21:15,200] INFO [Broker id=0] Leader response_topic-0 starts at leader epoch 0 from offset 0 with high watermark 0 ISR [0] addingReplicas [] removingReplicas []. Previous leader epoch was -1. (state.change.logger)
[2021-11-13 18:21:15,221] INFO [Broker id=0] Finished LeaderAndIsr request in 49ms correlationId 15 from controller 0 for 1 partitions (state.change.logger)
[2021-11-13 18:21:15,223] INFO [Broker id=0] Add 1 partitions and deleted 0 partitions from metadata cache in response to UpdateMetadata request sent by controller 0 epoch 3 with correlation id 16 (state.change.logger)
[2021-11-13 18:21:49,989] INFO [Controller id=0 epoch=3] Changed partition add_favorites-0 state from NonExistentPartition to NewPartition with assigned replicas 0 (state.change.logger)
[2021-11-13 18:21:49,990] INFO [Controller id=0 epoch=3] Sending UpdateMetadata request to brokers Set() for 0 partitions (state.change.logger)
[2021-11-13 18:21:49,990] INFO [Controller id=0 epoch=3] Sending UpdateMetadata request to brokers Set() for 0 partitions (state.change.logger)
[2021-11-13 18:21:50,057] INFO [Controller id=0 epoch=3] Changed partition add_favorites-0 from NewPartition to OnlinePartition with state LeaderAndIsr(leader=0, leaderEpoch=0, isr=List(0), zkVersion=0) (state.change.logger)
[2021-11-13 18:21:50,057] INFO [Controller id=0 epoch=3] Sending LeaderAndIsr request to broker 0 with 1 become-leader and 0 become-follower partitions (state.change.logger)
[2021-11-13 18:21:50,058] INFO [Controller id=0 epoch=3] Sending UpdateMetadata request to brokers Set(0) for 1 partitions (state.change.logger)
[2021-11-13 18:21:50,058] INFO [Controller id=0 epoch=3] Sending UpdateMetadata request to brokers Set() for 0 partitions (state.change.logger)
[2021-11-13 18:21:50,059] INFO [Broker id=0] Handling LeaderAndIsr request correlationId 17 from controller 0 for 1 partitions (state.change.logger)
[2021-11-13 18:21:50,062] INFO [Broker id=0] Stopped fetchers as part of LeaderAndIsr request correlationId 17 from controller 0 epoch 3 as part of the become-leader transition for 1 partitions (state.change.logger)
[2021-11-13 18:21:50,079] INFO [Broker id=0] Leader add_favorites-0 starts at leader epoch 0 from offset 0 with high watermark 0 ISR [0] addingReplicas [] removingReplicas []. Previous leader epoch was -1. (state.change.logger)
[2021-11-13 18:21:50,115] INFO [Broker id=0] Finished LeaderAndIsr request in 56ms correlationId 17 from controller 0 for 1 partitions (state.change.logger)
[2021-11-13 18:21:50,116] INFO [Broker id=0] Add 1 partitions and deleted 0 partitions from metadata cache in response to UpdateMetadata request sent by controller 0 epoch 3 with correlation id 18 (state.change.logger)
[2021-11-13 18:22:17,432] INFO [Controller id=0 epoch=3] Changed partition ind_restaurantById-0 state from NonExistentPartition to NewPartition with assigned replicas 0 (state.change.logger)
[2021-11-13 18:22:17,432] INFO [Controller id=0 epoch=3] Sending UpdateMetadata request to brokers Set() for 0 partitions (state.change.logger)
[2021-11-13 18:22:17,433] INFO [Controller id=0 epoch=3] Sending UpdateMetadata request to brokers Set() for 0 partitions (state.change.logger)
[2021-11-13 18:22:17,500] INFO [Controller id=0 epoch=3] Changed partition ind_restaurantById-0 from NewPartition to OnlinePartition with state LeaderAndIsr(leader=0, leaderEpoch=0, isr=List(0), zkVersion=0) (state.change.logger)
[2021-11-13 18:22:17,500] INFO [Controller id=0 epoch=3] Sending LeaderAndIsr request to broker 0 with 1 become-leader and 0 become-follower partitions (state.change.logger)
[2021-11-13 18:22:17,500] INFO [Controller id=0 epoch=3] Sending UpdateMetadata request to brokers Set(0) for 1 partitions (state.change.logger)
[2021-11-13 18:22:17,500] INFO [Controller id=0 epoch=3] Sending UpdateMetadata request to brokers Set() for 0 partitions (state.change.logger)
[2021-11-13 18:22:17,501] INFO [Broker id=0] Handling LeaderAndIsr request correlationId 19 from controller 0 for 1 partitions (state.change.logger)
[2021-11-13 18:22:17,502] INFO [Broker id=0] Stopped fetchers as part of LeaderAndIsr request correlationId 19 from controller 0 epoch 3 as part of the become-leader transition for 1 partitions (state.change.logger)
[2021-11-13 18:22:17,529] INFO [Broker id=0] Leader ind_restaurantById-0 starts at leader epoch 0 from offset 0 with high watermark 0 ISR [0] addingReplicas [] removingReplicas []. Previous leader epoch was -1. (state.change.logger)
[2021-11-13 18:22:17,550] INFO [Broker id=0] Finished LeaderAndIsr request in 49ms correlationId 19 from controller 0 for 1 partitions (state.change.logger)
[2021-11-13 18:22:17,552] INFO [Broker id=0] Add 1 partitions and deleted 0 partitions from metadata cache in response to UpdateMetadata request sent by controller 0 epoch 3 with correlation id 20 (state.change.logger)
[2021-11-13 18:22:51,684] INFO [Controller id=0 epoch=3] Changed partition find_customerById-0 state from NonExistentPartition to NewPartition with assigned replicas 0 (state.change.logger)
[2021-11-13 18:22:51,684] INFO [Controller id=0 epoch=3] Sending UpdateMetadata request to brokers Set() for 0 partitions (state.change.logger)
[2021-11-13 18:22:51,685] INFO [Controller id=0 epoch=3] Sending UpdateMetadata request to brokers Set() for 0 partitions (state.change.logger)
[2021-11-13 18:22:51,748] INFO [Controller id=0 epoch=3] Changed partition find_customerById-0 from NewPartition to OnlinePartition with state LeaderAndIsr(leader=0, leaderEpoch=0, isr=List(0), zkVersion=0) (state.change.logger)
[2021-11-13 18:22:51,748] INFO [Controller id=0 epoch=3] Sending LeaderAndIsr request to broker 0 with 1 become-leader and 0 become-follower partitions (state.change.logger)
[2021-11-13 18:22:51,748] INFO [Controller id=0 epoch=3] Sending UpdateMetadata request to brokers Set(0) for 1 partitions (state.change.logger)
[2021-11-13 18:22:51,749] INFO [Controller id=0 epoch=3] Sending UpdateMetadata request to brokers Set() for 0 partitions (state.change.logger)
[2021-11-13 18:22:51,749] INFO [Broker id=0] Handling LeaderAndIsr request correlationId 21 from controller 0 for 1 partitions (state.change.logger)
[2021-11-13 18:22:51,751] INFO [Broker id=0] Stopped fetchers as part of LeaderAndIsr request correlationId 21 from controller 0 epoch 3 as part of the become-leader transition for 1 partitions (state.change.logger)
[2021-11-13 18:22:51,776] INFO [Broker id=0] Leader find_customerById-0 starts at leader epoch 0 from offset 0 with high watermark 0 ISR [0] addingReplicas [] removingReplicas []. Previous leader epoch was -1. (state.change.logger)
[2021-11-13 18:22:51,791] INFO [Broker id=0] Finished LeaderAndIsr request in 42ms correlationId 21 from controller 0 for 1 partitions (state.change.logger)
[2021-11-13 18:22:51,792] INFO [Broker id=0] Add 1 partitions and deleted 0 partitions from metadata cache in response to UpdateMetadata request sent by controller 0 epoch 3 with correlation id 22 (state.change.logger)
[2021-11-13 18:23:38,213] INFO [Controller id=0 epoch=3] Changed partition find_restaurantById-0 state from NonExistentPartition to NewPartition with assigned replicas 0 (state.change.logger)
[2021-11-13 18:23:38,214] INFO [Controller id=0 epoch=3] Sending UpdateMetadata request to brokers Set() for 0 partitions (state.change.logger)
[2021-11-13 18:23:38,215] INFO [Controller id=0 epoch=3] Sending UpdateMetadata request to brokers Set() for 0 partitions (state.change.logger)
[2021-11-13 18:23:38,269] INFO [Controller id=0 epoch=3] Changed partition find_restaurantById-0 from NewPartition to OnlinePartition with state LeaderAndIsr(leader=0, leaderEpoch=0, isr=List(0), zkVersion=0) (state.change.logger)
[2021-11-13 18:23:38,269] INFO [Controller id=0 epoch=3] Sending LeaderAndIsr request to broker 0 with 1 become-leader and 0 become-follower partitions (state.change.logger)
[2021-11-13 18:23:38,269] INFO [Controller id=0 epoch=3] Sending UpdateMetadata request to brokers Set(0) for 1 partitions (state.change.logger)
[2021-11-13 18:23:38,270] INFO [Controller id=0 epoch=3] Sending UpdateMetadata request to brokers Set() for 0 partitions (state.change.logger)
[2021-11-13 18:23:38,270] INFO [Broker id=0] Handling LeaderAndIsr request correlationId 23 from controller 0 for 1 partitions (state.change.logger)
[2021-11-13 18:23:38,272] INFO [Broker id=0] Stopped fetchers as part of LeaderAndIsr request correlationId 23 from controller 0 epoch 3 as part of the become-leader transition for 1 partitions (state.change.logger)
[2021-11-13 18:23:38,308] INFO [Broker id=0] Leader find_restaurantById-0 starts at leader epoch 0 from offset 0 with high watermark 0 ISR [0] addingReplicas [] removingReplicas []. Previous leader epoch was -1. (state.change.logger)
[2021-11-13 18:23:38,329] INFO [Broker id=0] Finished LeaderAndIsr request in 59ms correlationId 23 from controller 0 for 1 partitions (state.change.logger)
[2021-11-13 18:23:38,330] INFO [Broker id=0] Add 1 partitions and deleted 0 partitions from metadata cache in response to UpdateMetadata request sent by controller 0 epoch 3 with correlation id 24 (state.change.logger)
[2021-11-13 18:24:04,019] INFO [Controller id=0 epoch=3] Changed partition get_favorites-0 state from NonExistentPartition to NewPartition with assigned replicas 0 (state.change.logger)
[2021-11-13 18:24:04,019] INFO [Controller id=0 epoch=3] Sending UpdateMetadata request to brokers Set() for 0 partitions (state.change.logger)
[2021-11-13 18:24:04,020] INFO [Controller id=0 epoch=3] Sending UpdateMetadata request to brokers Set() for 0 partitions (state.change.logger)
[2021-11-13 18:24:04,084] INFO [Controller id=0 epoch=3] Changed partition get_favorites-0 from NewPartition to OnlinePartition with state LeaderAndIsr(leader=0, leaderEpoch=0, isr=List(0), zkVersion=0) (state.change.logger)
[2021-11-13 18:24:04,084] INFO [Controller id=0 epoch=3] Sending LeaderAndIsr request to broker 0 with 1 become-leader and 0 become-follower partitions (state.change.logger)
[2021-11-13 18:24:04,085] INFO [Controller id=0 epoch=3] Sending UpdateMetadata request to brokers Set(0) for 1 partitions (state.change.logger)
[2021-11-13 18:24:04,085] INFO [Controller id=0 epoch=3] Sending UpdateMetadata request to brokers Set() for 0 partitions (state.change.logger)
[2021-11-13 18:24:04,085] INFO [Broker id=0] Handling LeaderAndIsr request correlationId 25 from controller 0 for 1 partitions (state.change.logger)
[2021-11-13 18:24:04,087] INFO [Broker id=0] Stopped fetchers as part of LeaderAndIsr request correlationId 25 from controller 0 epoch 3 as part of the become-leader transition for 1 partitions (state.change.logger)
[2021-11-13 18:24:04,115] INFO [Broker id=0] Leader get_favorites-0 starts at leader epoch 0 from offset 0 with high watermark 0 ISR [0] addingReplicas [] removingReplicas []. Previous leader epoch was -1. (state.change.logger)
[2021-11-13 18:24:04,136] INFO [Broker id=0] Finished LeaderAndIsr request in 51ms correlationId 25 from controller 0 for 1 partitions (state.change.logger)
[2021-11-13 18:24:04,138] INFO [Broker id=0] Add 1 partitions and deleted 0 partitions from metadata cache in response to UpdateMetadata request sent by controller 0 epoch 3 with correlation id 26 (state.change.logger)
[2021-11-13 18:51:57,638] INFO [Controller id=0 epoch=3] Sending UpdateMetadata request to brokers Set() for 0 partitions (state.change.logger)
